<?xml version="1.0" encoding="UTF-8"?>
<!-- Generated by org.testng.reporters.JUnitReportReporter -->
<testsuite hostname="neil-PC" name="screen.LIST1" tests="1" failures="0" timestamp="13 Aug 2018 12:42:46 GMT" time="7.843" errors="0">
  <testcase name="test1" time="7.843" classname="screen.LIST1"/>
</testsuite> <!-- screen.LIST1 -->
